#
# There is insufficient memory for the Java Runtime Environment to continue.
# Native memory allocation (malloc) failed to allocate 182816 bytes. Error detail: Chunk::new
# Possible reasons:
#   The system is out of physical RAM or swap space
#   This process is running with CompressedOops enabled, and the Java Heap may be blocking the growth of the native heap
# Possible solutions:
#   Reduce memory load on the system
#   Increase physical memory or swap space
#   Check if swap backing store is full
#   Decrease Java heap size (-Xmx/-Xms)
#   Decrease number of Java threads
#   Decrease Java thread stack sizes (-Xss)
#   Set larger code cache with -XX:ReservedCodeCacheSize=
#   JVM is running with Unscaled Compressed Oops mode in which the Java heap is
#     placed in the first 4GB address space. The Java Heap base address is the
#     maximum limit for the native heap growth. Please use -XX:HeapBaseMinAddress
#     to set the Java Heap base and to place the Java Heap above 4GB virtual address.
# This output file may be truncated or incomplete.
#
#  Out of Memory Error (arena.cpp:191), pid=28256, tid=1512
#
# JRE version: OpenJDK Runtime Environment Temurin-17.0.13+11 (17.0.13+11) (build 17.0.13+11)
# Java VM: OpenJDK 64-Bit Server VM Temurin-17.0.13+11 (17.0.13+11, mixed mode, sharing, tiered, compressed oops, compressed class ptrs, g1 gc, windows-amd64)
# No core dump will be written. Minidumps are not enabled by default on client versions of Windows
#

---------------  S U M M A R Y ------------

Command Line: C:\Users\ohyus\.sonar\cache\985d65c7edcfc1e54c1c408ebc575c67446c7fbed5872dd99882858a4cf78529\sonar-scanner-engine-shaded-25.11.0.114957-all.jar

Host: Intel(R) Core(TM) i7-7700 CPU @ 3.60GHz, 8 cores, 7G,  Windows 10 , 64 bit Build 19041 (10.0.19041.5915)
Time: Fri Nov 28 03:08:14 2025  Windows 10 , 64 bit Build 19041 (10.0.19041.5915) elapsed time: 193.733856 seconds (0d 0h 3m 13s)

---------------  T H R E A D  ---------------

Current thread (0x0000022ef9273600):  JavaThread "C2 CompilerThread1" daemon [_thread_in_native, id=1512, stack(0x000000ab16e00000,0x000000ab16f00000)]


Current CompileTask:
C2: 193733 8283       4       jdk.internal.loader.BuiltinClassLoader::findLoadedModule (33 bytes)

Stack: [0x000000ab16e00000,0x000000ab16f00000]
Native frames: (J=compiled Java code, j=interpreted, Vv=VM code, C=native code)
V  [jvm.dll+0x682a19]
V  [jvm.dll+0x839538]
V  [jvm.dll+0x83afe3]
V  [jvm.dll+0x83b653]
V  [jvm.dll+0x24704f]
V  [jvm.dll+0xace34]
V  [jvm.dll+0xad4cc]
V  [jvm.dll+0x2ac84f]
V  [jvm.dll+0x588a79]
V  [jvm.dll+0x220ea2]
V  [jvm.dll+0x219b8b]
V  [jvm.dll+0x21738b]
V  [jvm.dll+0x1a3070]
V  [jvm.dll+0x22788c]
V  [jvm.dll+0x2259eb]
V  [jvm.dll+0x7eec98]
V  [jvm.dll+0x7e8ffc]
V  [jvm.dll+0x6818f7]
C  [ucrtbase.dll+0x21bb2]
C  [KERNEL32.DLL+0x17374]
C  [ntdll.dll+0x4cc91]


---------------  P R O C E S S  ---------------

Threads class SMR info:
_java_thread_list=0x0000022ef951ae30, length=24, elements={
0x0000022e975c12f0, 0x0000022eb2e64160, 0x0000022eb2e65690, 0x0000022eb2e86d80,
0x0000022eb2e89760, 0x0000022eb2e8a030, 0x0000022eb2e8a900, 0x0000022eb2e8bca0,
0x0000022eb2e8e670, 0x0000022eb2e8f720, 0x0000022ef8054c80, 0x0000022ef8063170,
0x0000022ef899a390, 0x0000022ef9aa5750, 0x0000022ef9aa5c60, 0x0000022ef9aa7fd0,
0x0000022ef9aa75b0, 0x0000022ef9aa84e0, 0x0000022ef9aa89f0, 0x0000022ef9aa8f00,
0x0000022ef9aa6170, 0x0000022ef95ec1e0, 0x0000022ef9273600, 0x0000022ef8a649a0
}

Java Threads: ( => current thread )
  0x0000022e975c12f0 JavaThread "main" [_thread_in_native, id=24680, stack(0x000000ab13c00000,0x000000ab13d00000)]
  0x0000022eb2e64160 JavaThread "Reference Handler" daemon [_thread_blocked, id=30508, stack(0x000000ab14300000,0x000000ab14400000)]
  0x0000022eb2e65690 JavaThread "Finalizer" daemon [_thread_blocked, id=28536, stack(0x000000ab14400000,0x000000ab14500000)]
  0x0000022eb2e86d80 JavaThread "Signal Dispatcher" daemon [_thread_blocked, id=31548, stack(0x000000ab14500000,0x000000ab14600000)]
  0x0000022eb2e89760 JavaThread "Attach Listener" daemon [_thread_blocked, id=23080, stack(0x000000ab14600000,0x000000ab14700000)]
  0x0000022eb2e8a030 JavaThread "Service Thread" daemon [_thread_blocked, id=35376, stack(0x000000ab14700000,0x000000ab14800000)]
  0x0000022eb2e8a900 JavaThread "Monitor Deflation Thread" daemon [_thread_blocked, id=35468, stack(0x000000ab14800000,0x000000ab14900000)]
  0x0000022eb2e8bca0 JavaThread "C2 CompilerThread0" daemon [_thread_in_native, id=23452, stack(0x000000ab14900000,0x000000ab14a00000)]
  0x0000022eb2e8e670 JavaThread "C1 CompilerThread0" daemon [_thread_blocked, id=4028, stack(0x000000ab14a00000,0x000000ab14b00000)]
  0x0000022eb2e8f720 JavaThread "Sweeper thread" daemon [_thread_blocked, id=41012, stack(0x000000ab14b00000,0x000000ab14c00000)]
  0x0000022ef8054c80 JavaThread "Notification Thread" daemon [_thread_blocked, id=33672, stack(0x000000ab14c00000,0x000000ab14d00000)]
  0x0000022ef8063170 JavaThread "Common-Cleaner" daemon [_thread_blocked, id=38520, stack(0x000000ab14e00000,0x000000ab14f00000)]
  0x0000022ef899a390 JavaThread "OkHttp ConnectionPool connection closer" daemon [_thread_blocked, id=17828, stack(0x000000ab15600000,0x000000ab15700000)]
  0x0000022ef9aa5750 JavaThread "JGit-WorkQueue" daemon [_thread_blocked, id=13624, stack(0x000000ab15e00000,0x000000ab15f00000)]
  0x0000022ef9aa5c60 JavaThread "HttpClient-1-SelectorManager" daemon [_thread_in_native, id=31620, stack(0x000000ab15d00000,0x000000ab15e00000)]
  0x0000022ef9aa7fd0 JavaThread "nodejs-stream-consumer" daemon [_thread_in_native, id=40996, stack(0x000000ab15a00000,0x000000ab15b00000)]
  0x0000022ef9aa75b0 JavaThread "nodejs-stream-consumer" daemon [_thread_in_native, id=18700, stack(0x000000ab15c00000,0x000000ab15d00000)]
  0x0000022ef9aa84e0 JavaThread "HttpClient-1-Worker-0" daemon [_thread_blocked, id=5220, stack(0x000000ab15f00000,0x000000ab16000000)]
  0x0000022ef9aa89f0 JavaThread "HttpClient-1-Worker-2" daemon [_thread_blocked, id=40748, stack(0x000000ab16100000,0x000000ab16200000)]
  0x0000022ef9aa8f00 JavaThread "pool-4-thread-1" [_thread_blocked, id=25392, stack(0x000000ab16200000,0x000000ab16300000)]
  0x0000022ef9aa6170 JavaThread "WebSocketConnectReadThread-34" [_thread_in_native, id=38204, stack(0x000000ab16300000,0x000000ab16400000)]
  0x0000022ef95ec1e0 JavaThread "WebSocketWriteThread-35" [_thread_blocked, id=34916, stack(0x000000ab16400000,0x000000ab16500000)]
=>0x0000022ef9273600 JavaThread "C2 CompilerThread1" daemon [_thread_in_native, id=1512, stack(0x000000ab16e00000,0x000000ab16f00000)]
  0x0000022ef8a649a0 JavaThread "C2 CompilerThread2" daemon [_thread_in_native, id=23664, stack(0x000000ab16f00000,0x000000ab17000000)]

Other Threads:
  0x0000022eb2e5e260 VMThread "VM Thread" [stack: 0x000000ab14200000,0x000000ab14300000] [id=36560]
  0x0000022eb2e4dcd0 WatcherThread [stack: 0x000000ab14d00000,0x000000ab14e00000] [id=2088]
  0x0000022e9761adc0 GCTaskThread "GC Thread#0" [stack: 0x000000ab13d00000,0x000000ab13e00000] [id=37108]
  0x0000022ef8363800 GCTaskThread "GC Thread#1" [stack: 0x000000ab14f00000,0x000000ab15000000] [id=17928]
  0x0000022ef84a81a0 GCTaskThread "GC Thread#2" [stack: 0x000000ab15000000,0x000000ab15100000] [id=26392]
  0x0000022ef8545b50 GCTaskThread "GC Thread#3" [stack: 0x000000ab15100000,0x000000ab15200000] [id=30408]
  0x0000022ef8558830 GCTaskThread "GC Thread#4" [stack: 0x000000ab15200000,0x000000ab15300000] [id=9320]
  0x0000022ef8558af0 GCTaskThread "GC Thread#5" [stack: 0x000000ab15300000,0x000000ab15400000] [id=16652]
  0x0000022ef83fe000 GCTaskThread "GC Thread#6" [stack: 0x000000ab15400000,0x000000ab15500000] [id=33300]
  0x0000022ef83fe2c0 GCTaskThread "GC Thread#7" [stack: 0x000000ab15500000,0x000000ab15600000] [id=26044]
  0x0000022e9762d190 ConcurrentGCThread "G1 Main Marker" [stack: 0x000000ab13e00000,0x000000ab13f00000] [id=24884]
  0x0000022e9762dac0 ConcurrentGCThread "G1 Conc#0" [stack: 0x000000ab13f00000,0x000000ab14000000] [id=31720]
  0x0000022ef8733930 ConcurrentGCThread "G1 Conc#1" [stack: 0x000000ab15b00000,0x000000ab15c00000] [id=16928]
  0x0000022e9767e6f0 ConcurrentGCThread "G1 Refine#0" [stack: 0x000000ab14000000,0x000000ab14100000] [id=14412]
  0x0000022efc19c770 ConcurrentGCThread "G1 Refine#1" [stack: 0x000000ab13a00000,0x000000ab13b00000] [id=37980]
  0x0000022efc19aff0 ConcurrentGCThread "G1 Refine#2" [stack: 0x000000ab13b00000,0x000000ab13c00000] [id=40796]
  0x0000022efc19b5d0 ConcurrentGCThread "G1 Refine#3" [stack: 0x000000ab16000000,0x000000ab16100000] [id=41768]
  0x0000022eb2d1a260 ConcurrentGCThread "G1 Service" [stack: 0x000000ab14100000,0x000000ab14200000] [id=6284]

Threads with active compile tasks:
C2 CompilerThread0   194125 8282       4       java.util.jar.JarFile::getManifest (5 bytes)
C2 CompilerThread1   194125 8283       4       jdk.internal.loader.BuiltinClassLoader::findLoadedModule (33 bytes)
C2 CompilerThread2   194125 8277   !   4       org.springframework.beans.factory.support.DefaultListableBeanFactory::doGetBeanNamesForType (527 bytes)

VM state: not at safepoint (normal execution)

VM Mutex/Monitor currently owned by a thread: None

Heap address: 0x0000000081200000, size: 2030 MB, Compressed Oops mode: 32-bit

CDS archive(s) mapped at: [0x0000022eb3000000-0x0000022eb3a50000-0x0000022eb3a50000), size 10813440, SharedBaseAddress: 0x0000022eb3000000, ArchiveRelocationMode: 1.
Compressed class space mapped at: 0x0000022eb4000000-0x0000022ef4000000, reserved size: 1073741824
Narrow klass base: 0x0000022eb3000000, Narrow klass shift: 0, Narrow klass range: 0x100000000

GC Precious Log:
 CPUs: 8 total, 8 available
 Memory: 8114M
 Large Page Support: Disabled
 NUMA Support: Disabled
 Compressed Oops: Enabled (32-bit)
 Heap Region Size: 1M
 Heap Min Capacity: 8M
 Heap Initial Capacity: 128M
 Heap Max Capacity: 2030M
 Pre-touch: Disabled
 Parallel Workers: 8
 Concurrent Workers: 2
 Concurrent Refinement Workers: 8
 Periodic GC: Disabled

Heap:
 garbage-first heap   total 143360K, used 72212K [0x0000000081200000, 0x0000000100000000)
  region size 1024K, 34 young (34816K), 1 survivors (1024K)
 Metaspace       used 47958K, committed 48512K, reserved 1114112K
  class space    used 5685K, committed 5952K, reserved 1048576K

Heap Regions: E=young(eden), S=young(survivor), O=old, HS=humongous(starts), HC=humongous(continues), CS=collection set, F=free, OA=open archive, CA=closed archive, TAMS=top-at-mark-start (previous, next)
|   0|0x0000000081200000, 0x0000000081300000, 0x0000000081300000|100%| O|  |TAMS 0x0000000081300000, 0x0000000081200000| Untracked 
|   1|0x0000000081300000, 0x0000000081400000, 0x0000000081400000|100%| O|  |TAMS 0x0000000081400000, 0x0000000081300000| Untracked 
|   2|0x0000000081400000, 0x0000000081500000, 0x0000000081500000|100%| O|  |TAMS 0x0000000081500000, 0x0000000081400000| Untracked 
|   3|0x0000000081500000, 0x0000000081600000, 0x0000000081600000|100%|HS|  |TAMS 0x0000000081600000, 0x0000000081500000| Complete 
|   4|0x0000000081600000, 0x0000000081700000, 0x0000000081700000|100%|HC|  |TAMS 0x0000000081700000, 0x0000000081600000| Complete 
|   5|0x0000000081700000, 0x0000000081800000, 0x0000000081800000|100%|HC|  |TAMS 0x0000000081800000, 0x0000000081700000| Complete 
|   6|0x0000000081800000, 0x0000000081900000, 0x0000000081900000|100%| O|  |TAMS 0x0000000081900000, 0x0000000081800000| Untracked 
|   7|0x0000000081900000, 0x0000000081a00000, 0x0000000081a00000|100%| O|  |TAMS 0x0000000081a00000, 0x0000000081900000| Untracked 
|   8|0x0000000081a00000, 0x0000000081b00000, 0x0000000081b00000|100%| O|  |TAMS 0x0000000081b00000, 0x0000000081a00000| Untracked 
|   9|0x0000000081b00000, 0x0000000081c00000, 0x0000000081c00000|100%| O|  |TAMS 0x0000000081c00000, 0x0000000081b00000| Untracked 
|  10|0x0000000081c00000, 0x0000000081d00000, 0x0000000081d00000|100%| O|  |TAMS 0x0000000081d00000, 0x0000000081c00000| Untracked 
|  11|0x0000000081d00000, 0x0000000081e00000, 0x0000000081e00000|100%| O|  |TAMS 0x0000000081e00000, 0x0000000081d00000| Untracked 
|  12|0x0000000081e00000, 0x0000000081f00000, 0x0000000081f00000|100%| O|  |TAMS 0x0000000081f00000, 0x0000000081e00000| Untracked 
|  13|0x0000000081f00000, 0x0000000082000000, 0x0000000082000000|100%| O|  |TAMS 0x0000000082000000, 0x0000000081f00000| Untracked 
|  14|0x0000000082000000, 0x0000000082100000, 0x0000000082100000|100%| O|  |TAMS 0x0000000082100000, 0x0000000082000000| Untracked 
|  15|0x0000000082100000, 0x0000000082200000, 0x0000000082200000|100%| O|  |TAMS 0x0000000082200000, 0x0000000082100000| Untracked 
|  16|0x0000000082200000, 0x0000000082300000, 0x0000000082300000|100%| O|  |TAMS 0x0000000082300000, 0x0000000082200000| Untracked 
|  17|0x0000000082300000, 0x0000000082400000, 0x0000000082400000|100%| O|  |TAMS 0x0000000082400000, 0x0000000082300000| Untracked 
|  18|0x0000000082400000, 0x0000000082500000, 0x0000000082500000|100%| O|  |TAMS 0x0000000082500000, 0x0000000082400000| Untracked 
|  19|0x0000000082500000, 0x0000000082600000, 0x0000000082600000|100%| O|  |TAMS 0x0000000082600000, 0x0000000082500000| Untracked 
|  20|0x0000000082600000, 0x0000000082700000, 0x0000000082700000|100%| O|  |TAMS 0x0000000082700000, 0x0000000082600000| Untracked 
|  21|0x0000000082700000, 0x0000000082800000, 0x0000000082800000|100%| O|  |TAMS 0x0000000082800000, 0x0000000082700000| Untracked 
|  22|0x0000000082800000, 0x0000000082900000, 0x0000000082900000|100%| O|  |TAMS 0x0000000082900000, 0x0000000082800000| Untracked 
|  23|0x0000000082900000, 0x0000000082a00000, 0x0000000082a00000|100%| O|  |TAMS 0x0000000082a00000, 0x0000000082900000| Untracked 
|  24|0x0000000082a00000, 0x0000000082b00000, 0x0000000082b00000|100%| O|  |TAMS 0x0000000082b00000, 0x0000000082a00000| Untracked 
|  25|0x0000000082b00000, 0x0000000082c00000, 0x0000000082c00000|100%| O|  |TAMS 0x0000000082c00000, 0x0000000082b00000| Untracked 
|  26|0x0000000082c00000, 0x0000000082d00000, 0x0000000082d00000|100%| O|  |TAMS 0x0000000082d00000, 0x0000000082c00000| Untracked 
|  27|0x0000000082d00000, 0x0000000082d00000, 0x0000000082e00000|  0%| F|  |TAMS 0x0000000082d00000, 0x0000000082d00000| Untracked 
|  28|0x0000000082e00000, 0x0000000082e00000, 0x0000000082f00000|  0%| F|  |TAMS 0x0000000082e00000, 0x0000000082e00000| Untracked 
|  29|0x0000000082f00000, 0x0000000083000000, 0x0000000083000000|100%| O|  |TAMS 0x0000000083000000, 0x0000000082f00000| Untracked 
|  30|0x0000000083000000, 0x0000000083000000, 0x0000000083100000|  0%| F|  |TAMS 0x0000000083000000, 0x0000000083000000| Untracked 
|  31|0x0000000083100000, 0x0000000083200000, 0x0000000083200000|100%| O|  |TAMS 0x0000000083200000, 0x0000000083100000| Untracked 
|  32|0x0000000083200000, 0x0000000083300000, 0x0000000083300000|100%| O|  |TAMS 0x0000000083300000, 0x0000000083200000| Untracked 
|  33|0x0000000083300000, 0x0000000083400000, 0x0000000083400000|100%| O|  |TAMS 0x0000000083400000, 0x0000000083300000| Untracked 
|  34|0x0000000083400000, 0x0000000083400000, 0x0000000083500000|  0%| F|  |TAMS 0x0000000083400000, 0x0000000083400000| Untracked 
|  35|0x0000000083500000, 0x0000000083600000, 0x0000000083600000|100%| O|  |TAMS 0x0000000083600000, 0x0000000083500000| Untracked 
|  36|0x0000000083600000, 0x0000000083600000, 0x0000000083700000|  0%| F|  |TAMS 0x0000000083600000, 0x0000000083600000| Untracked 
|  37|0x0000000083700000, 0x0000000083700000, 0x0000000083800000|  0%| F|  |TAMS 0x0000000083700000, 0x0000000083700000| Untracked 
|  38|0x0000000083800000, 0x0000000083900000, 0x0000000083900000|100%| O|  |TAMS 0x0000000083900000, 0x0000000083800000| Untracked 
|  39|0x0000000083900000, 0x0000000083a00000, 0x0000000083a00000|100%| O|  |TAMS 0x0000000083a00000, 0x0000000083900000| Untracked 
|  40|0x0000000083a00000, 0x0000000083a00000, 0x0000000083b00000|  0%| F|  |TAMS 0x0000000083a00000, 0x0000000083a00000| Untracked 
|  41|0x0000000083b00000, 0x0000000083b00000, 0x0000000083c00000|  0%| F|  |TAMS 0x0000000083b00000, 0x0000000083b00000| Untracked 
|  42|0x0000000083c00000, 0x0000000083d00000, 0x0000000083d00000|100%| O|  |TAMS 0x0000000083c00000, 0x0000000083c00000| Untracked 
|  43|0x0000000083d00000, 0x0000000083e00000, 0x0000000083e00000|100%| O|  |TAMS 0x0000000083d00000, 0x0000000083d00000| Untracked 
|  44|0x0000000083e00000, 0x0000000083f00000, 0x0000000083f00000|100%| O|  |TAMS 0x0000000083e00000, 0x0000000083e00000| Untracked 
|  45|0x0000000083f00000, 0x0000000083f10000, 0x0000000084000000|  6%| O|  |TAMS 0x0000000083f00000, 0x0000000083f00000| Untracked 
|  46|0x0000000084000000, 0x0000000084000000, 0x0000000084100000|  0%| F|  |TAMS 0x0000000084000000, 0x0000000084000000| Untracked 
|  47|0x0000000084100000, 0x0000000084100000, 0x0000000084200000|  0%| F|  |TAMS 0x0000000084100000, 0x0000000084100000| Untracked 
|  48|0x0000000084200000, 0x0000000084300000, 0x0000000084300000|100%|HS|  |TAMS 0x0000000084300000, 0x0000000084200000| Complete 
|  49|0x0000000084300000, 0x0000000084400000, 0x0000000084400000|100%|HC|  |TAMS 0x0000000084400000, 0x0000000084300000| Complete 
|  50|0x0000000084400000, 0x0000000084400000, 0x0000000084500000|  0%| F|  |TAMS 0x0000000084400000, 0x0000000084400000| Untracked 
|  51|0x0000000084500000, 0x0000000084500000, 0x0000000084600000|  0%| F|  |TAMS 0x0000000084500000, 0x0000000084500000| Untracked 
|  52|0x0000000084600000, 0x0000000084600000, 0x0000000084700000|  0%| F|  |TAMS 0x0000000084600000, 0x0000000084600000| Untracked 
|  53|0x0000000084700000, 0x0000000084700000, 0x0000000084800000|  0%| F|  |TAMS 0x0000000084700000, 0x0000000084700000| Untracked 
|  54|0x0000000084800000, 0x0000000084800000, 0x0000000084900000|  0%| F|  |TAMS 0x0000000084800000, 0x0000000084800000| Untracked 
|  55|0x0000000084900000, 0x0000000084900000, 0x0000000084a00000|  0%| F|  |TAMS 0x0000000084900000, 0x0000000084900000| Untracked 
|  56|0x0000000084a00000, 0x0000000084a00000, 0x0000000084b00000|  0%| F|  |TAMS 0x0000000084a00000, 0x0000000084a00000| Untracked 
|  57|0x0000000084b00000, 0x0000000084b00000, 0x0000000084c00000|  0%| F|  |TAMS 0x0000000084b00000, 0x0000000084b00000| Untracked 
|  58|0x0000000084c00000, 0x0000000084c00000, 0x0000000084d00000|  0%| F|  |TAMS 0x0000000084c00000, 0x0000000084c00000| Untracked 
|  59|0x0000000084d00000, 0x0000000084d00000, 0x0000000084e00000|  0%| F|  |TAMS 0x0000000084d00000, 0x0000000084d00000| Untracked 
|  60|0x0000000084e00000, 0x0000000084e00000, 0x0000000084f00000|  0%| F|  |TAMS 0x0000000084e00000, 0x0000000084e00000| Untracked 
|  61|0x0000000084f00000, 0x0000000084f00000, 0x0000000085000000|  0%| F|  |TAMS 0x0000000084f00000, 0x0000000084f00000| Untracked 
|  62|0x0000000085000000, 0x0000000085000000, 0x0000000085100000|  0%| F|  |TAMS 0x0000000085000000, 0x0000000085000000| Untracked 
|  63|0x0000000085100000, 0x0000000085100000, 0x0000000085200000|  0%| F|  |TAMS 0x0000000085100000, 0x0000000085100000| Untracked 
|  64|0x0000000085200000, 0x0000000085200000, 0x0000000085300000|  0%| F|  |TAMS 0x0000000085200000, 0x0000000085200000| Untracked 
|  65|0x0000000085300000, 0x0000000085300000, 0x0000000085400000|  0%| F|  |TAMS 0x0000000085300000, 0x0000000085300000| Untracked 
|  66|0x0000000085400000, 0x0000000085400000, 0x0000000085500000|  0%| F|  |TAMS 0x0000000085400000, 0x0000000085400000| Untracked 
|  67|0x0000000085500000, 0x0000000085500000, 0x0000000085600000|  0%| F|  |TAMS 0x0000000085500000, 0x0000000085500000| Untracked 
|  68|0x0000000085600000, 0x0000000085600000, 0x0000000085700000|  0%| F|  |TAMS 0x0000000085600000, 0x0000000085600000| Untracked 
|  69|0x0000000085700000, 0x0000000085700000, 0x0000000085800000|  0%| F|  |TAMS 0x0000000085700000, 0x0000000085700000| Untracked 
|  70|0x0000000085800000, 0x0000000085800000, 0x0000000085900000|  0%| F|  |TAMS 0x0000000085800000, 0x0000000085800000| Untracked 
|  71|0x0000000085900000, 0x0000000085900000, 0x0000000085a00000|  0%| F|  |TAMS 0x0000000085900000, 0x0000000085900000| Untracked 
|  72|0x0000000085a00000, 0x0000000085a00000, 0x0000000085b00000|  0%| F|  |TAMS 0x0000000085a00000, 0x0000000085a00000| Untracked 
|  73|0x0000000085b00000, 0x0000000085b00000, 0x0000000085c00000|  0%| F|  |TAMS 0x0000000085b00000, 0x0000000085b00000| Untracked 
|  74|0x0000000085c00000, 0x0000000085c00000, 0x0000000085d00000|  0%| F|  |TAMS 0x0000000085c00000, 0x0000000085c00000| Untracked 
|  75|0x0000000085d00000, 0x0000000085d00000, 0x0000000085e00000|  0%| F|  |TAMS 0x0000000085d00000, 0x0000000085d00000| Untracked 
|  76|0x0000000085e00000, 0x0000000085e00000, 0x0000000085f00000|  0%| F|  |TAMS 0x0000000085e00000, 0x0000000085e00000| Untracked 
|  77|0x0000000085f00000, 0x0000000085f00000, 0x0000000086000000|  0%| F|  |TAMS 0x0000000085f00000, 0x0000000085f00000| Untracked 
|  78|0x0000000086000000, 0x0000000086000000, 0x0000000086100000|  0%| F|  |TAMS 0x0000000086000000, 0x0000000086000000| Untracked 
|  79|0x0000000086100000, 0x0000000086100000, 0x0000000086200000|  0%| F|  |TAMS 0x0000000086100000, 0x0000000086100000| Untracked 
|  80|0x0000000086200000, 0x0000000086200000, 0x0000000086300000|  0%| F|  |TAMS 0x0000000086200000, 0x0000000086200000| Untracked 
|  81|0x0000000086300000, 0x0000000086300000, 0x0000000086400000|  0%| F|  |TAMS 0x0000000086300000, 0x0000000086300000| Untracked 
|  82|0x0000000086400000, 0x0000000086400000, 0x0000000086500000|  0%| F|  |TAMS 0x0000000086400000, 0x0000000086400000| Untracked 
|  83|0x0000000086500000, 0x0000000086500000, 0x0000000086600000|  0%| F|  |TAMS 0x0000000086500000, 0x0000000086500000| Untracked 
|  84|0x0000000086600000, 0x0000000086600000, 0x0000000086700000|  0%| F|  |TAMS 0x0000000086600000, 0x0000000086600000| Untracked 
|  85|0x0000000086700000, 0x0000000086700000, 0x0000000086800000|  0%| F|  |TAMS 0x0000000086700000, 0x0000000086700000| Untracked 
|  86|0x0000000086800000, 0x0000000086800000, 0x0000000086900000|  0%| F|  |TAMS 0x0000000086800000, 0x0000000086800000| Untracked 
|  87|0x0000000086900000, 0x0000000086900000, 0x0000000086a00000|  0%| F|  |TAMS 0x0000000086900000, 0x0000000086900000| Untracked 
|  88|0x0000000086a00000, 0x0000000086a00000, 0x0000000086b00000|  0%| F|  |TAMS 0x0000000086a00000, 0x0000000086a00000| Untracked 
|  89|0x0000000086b00000, 0x0000000086b00000, 0x0000000086c00000|  0%| F|  |TAMS 0x0000000086b00000, 0x0000000086b00000| Untracked 
|  90|0x0000000086c00000, 0x0000000086c00000, 0x0000000086d00000|  0%| F|  |TAMS 0x0000000086c00000, 0x0000000086c00000| Untracked 
|  91|0x0000000086d00000, 0x0000000086d00000, 0x0000000086e00000|  0%| F|  |TAMS 0x0000000086d00000, 0x0000000086d00000| Untracked 
|  92|0x0000000086e00000, 0x0000000086e00000, 0x0000000086f00000|  0%| F|  |TAMS 0x0000000086e00000, 0x0000000086e00000| Untracked 
|  93|0x0000000086f00000, 0x0000000086f00000, 0x0000000087000000|  0%| F|  |TAMS 0x0000000086f00000, 0x0000000086f00000| Untracked 
|  94|0x0000000087000000, 0x0000000087000000, 0x0000000087100000|  0%| F|  |TAMS 0x0000000087000000, 0x0000000087000000| Untracked 
|  95|0x0000000087100000, 0x0000000087100000, 0x0000000087200000|  0%| F|  |TAMS 0x0000000087100000, 0x0000000087100000| Untracked 
|  96|0x0000000087200000, 0x0000000087200000, 0x0000000087300000|  0%| F|  |TAMS 0x0000000087200000, 0x0000000087200000| Untracked 
|  97|0x0000000087300000, 0x0000000087300000, 0x0000000087400000|  0%| F|  |TAMS 0x0000000087300000, 0x0000000087300000| Untracked 
|  98|0x0000000087400000, 0x0000000087400000, 0x0000000087500000|  0%| F|  |TAMS 0x0000000087400000, 0x0000000087400000| Untracked 
|  99|0x0000000087500000, 0x0000000087500000, 0x0000000087600000|  0%| F|  |TAMS 0x0000000087500000, 0x0000000087500000| Untracked 
| 100|0x0000000087600000, 0x0000000087600000, 0x0000000087700000|  0%| F|  |TAMS 0x0000000087600000, 0x0000000087600000| Untracked 
| 101|0x0000000087700000, 0x0000000087700000, 0x0000000087800000|  0%| F|  |TAMS 0x0000000087700000, 0x0000000087700000| Untracked 
| 102|0x0000000087800000, 0x0000000087800000, 0x0000000087900000|  0%| F|  |TAMS 0x0000000087800000, 0x0000000087800000| Untracked 
| 103|0x0000000087900000, 0x0000000087900000, 0x0000000087a00000|  0%| F|  |TAMS 0x0000000087900000, 0x0000000087900000| Untracked 
| 104|0x0000000087a00000, 0x0000000087a00000, 0x0000000087b00000|  0%| F|  |TAMS 0x0000000087a00000, 0x0000000087a00000| Untracked 
| 105|0x0000000087b00000, 0x0000000087b00000, 0x0000000087c00000|  0%| F|  |TAMS 0x0000000087b00000, 0x0000000087b00000| Untracked 
| 106|0x0000000087c00000, 0x0000000087c80000, 0x0000000087d00000| 50%| E|  |TAMS 0x0000000087c00000, 0x0000000087c00000| Complete 
| 107|0x0000000087d00000, 0x0000000087e00000, 0x0000000087e00000|100%| E|CS|TAMS 0x0000000087d00000, 0x0000000087d00000| Complete 
| 108|0x0000000087e00000, 0x0000000087f00000, 0x0000000087f00000|100%| E|CS|TAMS 0x0000000087e00000, 0x0000000087e00000| Complete 
| 109|0x0000000087f00000, 0x0000000088000000, 0x0000000088000000|100%| E|CS|TAMS 0x0000000087f00000, 0x0000000087f00000| Complete 
| 110|0x0000000088000000, 0x0000000088100000, 0x0000000088100000|100%| E|CS|TAMS 0x0000000088000000, 0x0000000088000000| Complete 
| 111|0x0000000088100000, 0x0000000088200000, 0x0000000088200000|100%| E|CS|TAMS 0x0000000088100000, 0x0000000088100000| Complete 
| 112|0x0000000088200000, 0x0000000088300000, 0x0000000088300000|100%| E|CS|TAMS 0x0000000088200000, 0x0000000088200000| Complete 
| 113|0x0000000088300000, 0x0000000088400000, 0x0000000088400000|100%| E|  |TAMS 0x0000000088300000, 0x0000000088300000| Complete 
| 114|0x0000000088400000, 0x0000000088500000, 0x0000000088500000|100%| E|CS|TAMS 0x0000000088400000, 0x0000000088400000| Complete 
| 115|0x0000000088500000, 0x0000000088600000, 0x0000000088600000|100%| E|CS|TAMS 0x0000000088500000, 0x0000000088500000| Complete 
| 116|0x0000000088600000, 0x0000000088700000, 0x0000000088700000|100%| E|CS|TAMS 0x0000000088600000, 0x0000000088600000| Complete 
| 117|0x0000000088700000, 0x0000000088800000, 0x0000000088800000|100%| E|CS|TAMS 0x0000000088700000, 0x0000000088700000| Complete 
| 118|0x0000000088800000, 0x0000000088900000, 0x0000000088900000|100%| E|CS|TAMS 0x0000000088800000, 0x0000000088800000| Complete 
| 119|0x0000000088900000, 0x0000000088a00000, 0x0000000088a00000|100%| E|CS|TAMS 0x0000000088900000, 0x0000000088900000| Complete 
| 120|0x0000000088a00000, 0x0000000088b00000, 0x0000000088b00000|100%| E|CS|TAMS 0x0000000088a00000, 0x0000000088a00000| Complete 
| 121|0x0000000088b00000, 0x0000000088c00000, 0x0000000088c00000|100%| E|CS|TAMS 0x0000000088b00000, 0x0000000088b00000| Complete 
| 122|0x0000000088c00000, 0x0000000088d00000, 0x0000000088d00000|100%| E|CS|TAMS 0x0000000088c00000, 0x0000000088c00000| Complete 
| 123|0x0000000088d00000, 0x0000000088e00000, 0x0000000088e00000|100%| E|CS|TAMS 0x0000000088d00000, 0x0000000088d00000| Complete 
| 124|0x0000000088e00000, 0x0000000088f00000, 0x0000000088f00000|100%| E|CS|TAMS 0x0000000088e00000, 0x0000000088e00000| Complete 
| 125|0x0000000088f00000, 0x0000000089000000, 0x0000000089000000|100%| E|CS|TAMS 0x0000000088f00000, 0x0000000088f00000| Complete 
| 126|0x0000000089000000, 0x0000000089100000, 0x0000000089100000|100%| E|CS|TAMS 0x0000000089000000, 0x0000000089000000| Complete 
| 127|0x0000000089100000, 0x0000000089200000, 0x0000000089200000|100%| E|CS|TAMS 0x0000000089100000, 0x0000000089100000| Complete 
| 128|0x0000000089200000, 0x0000000089300000, 0x0000000089300000|100%| E|CS|TAMS 0x0000000089200000, 0x0000000089200000| Complete 
| 129|0x0000000089300000, 0x0000000089400000, 0x0000000089400000|100%| E|CS|TAMS 0x0000000089300000, 0x0000000089300000| Complete 
| 130|0x0000000089400000, 0x0000000089500000, 0x0000000089500000|100%| E|CS|TAMS 0x0000000089400000, 0x0000000089400000| Complete 
| 131|0x0000000089500000, 0x0000000089600000, 0x0000000089600000|100%| E|CS|TAMS 0x0000000089500000, 0x0000000089500000| Complete 
| 132|0x0000000089600000, 0x0000000089700000, 0x0000000089700000|100%| E|CS|TAMS 0x0000000089600000, 0x0000000089600000| Complete 
| 133|0x0000000089700000, 0x0000000089800000, 0x0000000089800000|100%| E|CS|TAMS 0x0000000089700000, 0x0000000089700000| Complete 
| 134|0x0000000089800000, 0x0000000089900000, 0x0000000089900000|100%| E|CS|TAMS 0x0000000089800000, 0x0000000089800000| Complete 
| 135|0x0000000089900000, 0x0000000089a00000, 0x0000000089a00000|100%| E|CS|TAMS 0x0000000089900000, 0x0000000089900000| Complete 
| 136|0x0000000089a00000, 0x0000000089a75080, 0x0000000089b00000| 45%| S|CS|TAMS 0x0000000089a00000, 0x0000000089a00000| Complete 
| 137|0x0000000089b00000, 0x0000000089c00000, 0x0000000089c00000|100%| E|CS|TAMS 0x0000000089b00000, 0x0000000089b00000| Complete 
| 138|0x0000000089c00000, 0x0000000089d00000, 0x0000000089d00000|100%| E|CS|TAMS 0x0000000089c00000, 0x0000000089c00000| Complete 
| 185|0x000000008cb00000, 0x000000008cc00000, 0x000000008cc00000|100%| E|CS|TAMS 0x000000008cb00000, 0x000000008cb00000| Complete 

Card table byte_map: [0x0000022eabce0000,0x0000022eac0e0000] _byte_map_base: 0x0000022eab8d7000

Marking Bits (Prev, Next): (CMBitMap*) 0x0000022e9761c300, (CMBitMap*) 0x0000022e9761c340
 Prev Bits: [0x0000022eac4e0000, 0x0000022eae498000)
 Next Bits: [0x0000022eae4a0000, 0x0000022eb0458000)

Polling page: 0x0000022e954f0000

Metaspace:

Usage:
  Non-class:     41.31 MB used.
      Class:      5.55 MB used.
       Both:     46.86 MB used.

Virtual space:
  Non-class space:       64.00 MB reserved,      41.56 MB ( 65%) committed,  1 nodes.
      Class space:        1.00 GB reserved,       5.81 MB ( <1%) committed,  1 nodes.
             Both:        1.06 GB reserved,      47.38 MB (  4%) committed. 

Chunk freelists:
   Non-Class:  6.39 MB
       Class:  10.16 MB
        Both:  16.55 MB

MaxMetaspaceSize: unlimited
CompressedClassSpaceSize: 1.00 GB
Initial GC threshold: 21.00 MB
Current GC threshold: 66.56 MB
CDS: on
MetaspaceReclaimPolicy: balanced
 - commit_granule_bytes: 65536.
 - commit_granule_words: 8192.
 - virtual_space_node_default_size: 8388608.
 - enlarge_chunks_in_place: 1.
 - new_chunks_are_fully_committed: 0.
 - uncommit_free_chunks: 1.
 - use_allocation_guard: 0.
 - handle_deallocations: 1.


Internal statistics:

num_allocs_failed_limit: 3.
num_arena_births: 606.
num_arena_deaths: 0.
num_vsnodes_births: 2.
num_vsnodes_deaths: 0.
num_space_committed: 758.
num_space_uncommitted: 0.
num_chunks_returned_to_freelist: 3.
num_chunks_taken_from_freelist: 2313.
num_chunk_merges: 3.
num_chunk_splits: 1606.
num_chunks_enlarged: 1195.
num_inconsistent_stats: 0.

CodeHeap 'non-profiled nmethods': size=120000Kb used=5331Kb max_used=5331Kb free=114668Kb
 bounds [0x0000022ea4080000, 0x0000022ea45c0000, 0x0000022eab5b0000]
CodeHeap 'profiled nmethods': size=120000Kb used=14425Kb max_used=14425Kb free=105574Kb
 bounds [0x0000022e9c5b0000, 0x0000022e9d3d0000, 0x0000022ea3ae0000]
CodeHeap 'non-nmethods': size=5760Kb used=1319Kb max_used=1460Kb free=4441Kb
 bounds [0x0000022ea3ae0000, 0x0000022ea3d50000, 0x0000022ea4080000]
 total_blobs=7956 nmethods=7306 adapters=562
 compilation: enabled
              stopped_count=0, restarted_count=0
 full_count=0

Compilation events (20 events):
Event: 193.621 Thread 0x0000022ef8a649a0 8273       4       jdk.internal.org.objectweb.asm.AnnotationWriter::putAnnotations (67 bytes)
Event: 193.627 Thread 0x0000022ef8a649a0 nmethod 8273 0x0000022ea45b0d90 code [0x0000022ea45b0f20, 0x0000022ea45b1078]
Event: 193.642 Thread 0x0000022ef9273600 nmethod 8261 0x0000022ea45b1210 code [0x0000022ea45b14a0, 0x0000022ea45b3408]
Event: 193.644 Thread 0x0000022eb2e8e670 8274       3       org.springframework.core.annotation.TypeMappedAnnotation$$Lambda$198/0x0000022eb4146728::extract (6 bytes)
Event: 193.645 Thread 0x0000022eb2e8e670 nmethod 8274 0x0000022e9d3c7490 code [0x0000022e9d3c7620, 0x0000022e9d3c7768]
Event: 193.647 Thread 0x0000022eb2e8e670 8275       3       org.springframework.beans.factory.annotation.AutowiredAnnotationBeanPostProcessor$$Lambda$217/0x0000022eb415bd70::<init> (15 bytes)
Event: 193.647 Thread 0x0000022eb2e8e670 nmethod 8275 0x0000022e9d3c7810 code [0x0000022e9d3c79c0, 0x0000022e9d3c7bd8]
Event: 193.648 Thread 0x0000022ef9273600 8276       4       ch.qos.logback.classic.LoggerContext::getTurboFilterChainDecision_0_3OrMore (31 bytes)
Event: 193.649 Thread 0x0000022ef9273600 nmethod 8276 0x0000022ea45b4390 code [0x0000022ea45b4500, 0x0000022ea45b45d8]
Event: 193.650 Thread 0x0000022ef8a649a0 8277   !   4       org.springframework.beans.factory.support.DefaultListableBeanFactory::doGetBeanNamesForType (527 bytes)
Event: 193.657 Thread 0x0000022eb2e8e670 8278       3       org.springframework.context.annotation.CommonAnnotationBeanPostProcessor::postProcessMergedBeanDefinition (23 bytes)
Event: 193.658 Thread 0x0000022eb2e8e670 nmethod 8278 0x0000022e9d3c7c90 code [0x0000022e9d3c7e80, 0x0000022e9d3c8298]
Event: 193.658 Thread 0x0000022eb2e8e670 8279       3       org.springframework.beans.factory.annotation.InitDestroyAnnotationBeanPostProcessor::postProcessMergedBeanDefinition (8 bytes)
Event: 193.658 Thread 0x0000022eb2e8e670 nmethod 8279 0x0000022e9d3c8490 code [0x0000022e9d3c8640, 0x0000022e9d3c88b8]
Event: 193.658 Thread 0x0000022eb2e8e670 8280       3       org.springframework.beans.factory.annotation.InitDestroyAnnotationBeanPostProcessor::findLifecycleMetadata (13 bytes)
Event: 193.658 Thread 0x0000022eb2e8e670 nmethod 8280 0x0000022e9d3c8a10 code [0x0000022e9d3c8bc0, 0x0000022e9d3c8dd8]
Event: 193.658 Thread 0x0000022eb2e8bca0 8281       4       java.lang.reflect.Method::copy (84 bytes)
Event: 193.662 Thread 0x0000022eb2e8bca0 nmethod 8281 0x0000022ea45b4710 code [0x0000022ea45b48a0, 0x0000022ea45b4bb8]
Event: 193.700 Thread 0x0000022eb2e8bca0 8282       4       java.util.jar.JarFile::getManifest (5 bytes)
Event: 193.716 Thread 0x0000022ef9273600 8283       4       jdk.internal.loader.BuiltinClassLoader::findLoadedModule (33 bytes)

GC Heap History (20 events):
Event: 140.895 GC heap before
{Heap before GC invocations=50 (full 0):
 garbage-first heap   total 163840K, used 47745K [0x0000000081200000, 0x0000000100000000)
  region size 1024K, 8 young (8192K), 3 survivors (3072K)
 Metaspace       used 40165K, committed 40576K, reserved 1114112K
  class space    used 4729K, committed 4928K, reserved 1048576K
}
Event: 140.898 GC heap after
{Heap after GC invocations=51 (full 0):
 garbage-first heap   total 163840K, used 44766K [0x0000000081200000, 0x0000000100000000)
  region size 1024K, 1 young (1024K), 1 survivors (1024K)
 Metaspace       used 40165K, committed 40576K, reserved 1114112K
  class space    used 4729K, committed 4928K, reserved 1048576K
}
Event: 141.614 GC heap before
{Heap before GC invocations=51 (full 0):
 garbage-first heap   total 163840K, used 45790K [0x0000000081200000, 0x0000000100000000)
  region size 1024K, 4 young (4096K), 1 survivors (1024K)
 Metaspace       used 40165K, committed 40576K, reserved 1114112K
  class space    used 4729K, committed 4928K, reserved 1048576K
}
Event: 141.615 GC heap after
{Heap after GC invocations=52 (full 0):
 garbage-first heap   total 163840K, used 45067K [0x0000000081200000, 0x0000000100000000)
  region size 1024K, 2 young (2048K), 2 survivors (2048K)
 Metaspace       used 40165K, committed 40576K, reserved 1114112K
  class space    used 4729K, committed 4928K, reserved 1048576K
}
Event: 145.853 GC heap before
{Heap before GC invocations=53 (full 0):
 garbage-first heap   total 163840K, used 143371K [0x0000000081200000, 0x0000000100000000)
  region size 1024K, 90 young (92160K), 2 survivors (2048K)
 Metaspace       used 40166K, committed 40576K, reserved 1114112K
  class space    used 4729K, committed 4928K, reserved 1048576K
}
Event: 145.854 GC heap after
{Heap after GC invocations=54 (full 0):
 garbage-first heap   total 163840K, used 44160K [0x0000000081200000, 0x0000000100000000)
  region size 1024K, 2 young (2048K), 2 survivors (2048K)
 Metaspace       used 40166K, committed 40576K, reserved 1114112K
  class space    used 4729K, committed 4928K, reserved 1048576K
}
Event: 146.222 GC heap before
{Heap before GC invocations=54 (full 0):
 garbage-first heap   total 163840K, used 49280K [0x0000000081200000, 0x0000000100000000)
  region size 1024K, 8 young (8192K), 2 survivors (2048K)
 Metaspace       used 40166K, committed 40576K, reserved 1114112K
  class space    used 4729K, committed 4928K, reserved 1048576K
}
Event: 146.225 GC heap after
{Heap after GC invocations=55 (full 0):
 garbage-first heap   total 163840K, used 45009K [0x0000000081200000, 0x0000000100000000)
  region size 1024K, 1 young (1024K), 1 survivors (1024K)
 Metaspace       used 40166K, committed 40576K, reserved 1114112K
  class space    used 4729K, committed 4928K, reserved 1048576K
}
Event: 155.936 GC heap before
{Heap before GC invocations=55 (full 0):
 garbage-first heap   total 163840K, used 100305K [0x0000000081200000, 0x0000000100000000)
  region size 1024K, 57 young (58368K), 1 survivors (1024K)
 Metaspace       used 40167K, committed 40576K, reserved 1114112K
  class space    used 4729K, committed 4928K, reserved 1048576K
}
Event: 155.939 GC heap after
{Heap after GC invocations=56 (full 0):
 garbage-first heap   total 163840K, used 44697K [0x0000000081200000, 0x0000000100000000)
  region size 1024K, 1 young (1024K), 1 survivors (1024K)
 Metaspace       used 40167K, committed 40576K, reserved 1114112K
  class space    used 4729K, committed 4928K, reserved 1048576K
}
Event: 172.571 GC heap before
{Heap before GC invocations=57 (full 0):
 garbage-first heap   total 163840K, used 137881K [0x0000000081200000, 0x0000000100000000)
  region size 1024K, 93 young (95232K), 1 survivors (1024K)
 Metaspace       used 40401K, committed 40896K, reserved 1114112K
  class space    used 4768K, committed 4992K, reserved 1048576K
}
Event: 172.572 GC heap after
{Heap after GC invocations=58 (full 0):
 garbage-first heap   total 163840K, used 42350K [0x0000000081200000, 0x0000000100000000)
  region size 1024K, 1 young (1024K), 1 survivors (1024K)
 Metaspace       used 40401K, committed 40896K, reserved 1114112K
  class space    used 4768K, committed 4992K, reserved 1048576K
}
Event: 173.443 GC heap before
{Heap before GC invocations=58 (full 0):
 garbage-first heap   total 163840K, used 49518K [0x0000000081200000, 0x0000000100000000)
  region size 1024K, 8 young (8192K), 1 survivors (1024K)
 Metaspace       used 40401K, committed 40896K, reserved 1114112K
  class space    used 4768K, committed 4992K, reserved 1048576K
}
Event: 173.445 GC heap after
{Heap after GC invocations=59 (full 0):
 garbage-first heap   total 163840K, used 41420K [0x0000000081200000, 0x0000000100000000)
  region size 1024K, 1 young (1024K), 1 survivors (1024K)
 Metaspace       used 40401K, committed 40896K, reserved 1114112K
  class space    used 4768K, committed 4992K, reserved 1048576K
}
Event: 186.521 GC heap before
{Heap before GC invocations=59 (full 0):
 garbage-first heap   total 163840K, used 138700K [0x0000000081200000, 0x0000000100000000)
  region size 1024K, 96 young (98304K), 1 survivors (1024K)
 Metaspace       used 40403K, committed 40896K, reserved 1114112K
  class space    used 4768K, committed 4992K, reserved 1048576K
}
Event: 186.523 GC heap after
{Heap after GC invocations=60 (full 0):
 garbage-first heap   total 163840K, used 41409K [0x0000000081200000, 0x0000000100000000)
  region size 1024K, 1 young (1024K), 1 survivors (1024K)
 Metaspace       used 40403K, committed 40896K, reserved 1114112K
  class space    used 4768K, committed 4992K, reserved 1048576K
}
Event: 193.378 GC heap before
{Heap before GC invocations=61 (full 0):
 garbage-first heap   total 143360K, used 137631K [0x0000000081200000, 0x0000000100000000)
  region size 1024K, 96 young (98304K), 1 survivors (1024K)
 Metaspace       used 46798K, committed 47296K, reserved 1114112K
  class space    used 5586K, committed 5824K, reserved 1048576K
}
Event: 193.381 GC heap after
{Heap after GC invocations=62 (full 0):
 garbage-first heap   total 143360K, used 44417K [0x0000000081200000, 0x0000000100000000)
  region size 1024K, 4 young (4096K), 4 survivors (4096K)
 Metaspace       used 46798K, committed 47296K, reserved 1114112K
  class space    used 5586K, committed 5824K, reserved 1048576K
}
Event: 193.418 GC heap before
{Heap before GC invocations=62 (full 0):
 garbage-first heap   total 143360K, used 46465K [0x0000000081200000, 0x0000000100000000)
  region size 1024K, 7 young (7168K), 4 survivors (4096K)
 Metaspace       used 46798K, committed 47296K, reserved 1114112K
  class space    used 5586K, committed 5824K, reserved 1048576K
}
Event: 193.421 GC heap after
{Heap after GC invocations=63 (full 0):
 garbage-first heap   total 143360K, used 40468K [0x0000000081200000, 0x0000000100000000)
  region size 1024K, 1 young (1024K), 1 survivors (1024K)
 Metaspace       used 46798K, committed 47296K, reserved 1114112K
  class space    used 5586K, committed 5824K, reserved 1048576K
}

Dll operation events (11 events):
Event: 0.133 Loaded shared library C:\Users\ohyus\.sonar\cache\11a61a94d383e755b08b4e5890a13d148bc9f95b7149cbbeec62efb8c75a4a67\OpenJDK17U-jre_x64_windows_hotspot_17.0.13_11.zip_extracted\jdk-17.0.13+11-jre\bin\java.dll
Event: 0.443 Loaded shared library C:\Users\ohyus\.sonar\cache\11a61a94d383e755b08b4e5890a13d148bc9f95b7149cbbeec62efb8c75a4a67\OpenJDK17U-jre_x64_windows_hotspot_17.0.13_11.zip_extracted\jdk-17.0.13+11-jre\bin\jsvml.dll
Event: 0.531 Loaded shared library C:\Users\ohyus\.sonar\cache\11a61a94d383e755b08b4e5890a13d148bc9f95b7149cbbeec62efb8c75a4a67\OpenJDK17U-jre_x64_windows_hotspot_17.0.13_11.zip_extracted\jdk-17.0.13+11-jre\bin\net.dll
Event: 0.537 Loaded shared library C:\Users\ohyus\.sonar\cache\11a61a94d383e755b08b4e5890a13d148bc9f95b7149cbbeec62efb8c75a4a67\OpenJDK17U-jre_x64_windows_hotspot_17.0.13_11.zip_extracted\jdk-17.0.13+11-jre\bin\nio.dll
Event: 0.558 Loaded shared library C:\Users\ohyus\.sonar\cache\11a61a94d383e755b08b4e5890a13d148bc9f95b7149cbbeec62efb8c75a4a67\OpenJDK17U-jre_x64_windows_hotspot_17.0.13_11.zip_extracted\jdk-17.0.13+11-jre\bin\zip.dll
Event: 0.621 Loaded shared library C:\Users\ohyus\.sonar\cache\11a61a94d383e755b08b4e5890a13d148bc9f95b7149cbbeec62efb8c75a4a67\OpenJDK17U-jre_x64_windows_hotspot_17.0.13_11.zip_extracted\jdk-17.0.13+11-jre\bin\jimage.dll
Event: 3.441 Loaded shared library C:\Users\ohyus\.sonar\cache\11a61a94d383e755b08b4e5890a13d148bc9f95b7149cbbeec62efb8c75a4a67\OpenJDK17U-jre_x64_windows_hotspot_17.0.13_11.zip_extracted\jdk-17.0.13+11-jre\bin\verify.dll
Event: 3.559 Loaded shared library C:\Users\ohyus\.sonar\cache\11a61a94d383e755b08b4e5890a13d148bc9f95b7149cbbeec62efb8c75a4a67\OpenJDK17U-jre_x64_windows_hotspot_17.0.13_11.zip_extracted\jdk-17.0.13+11-jre\bin\sunmscapi.dll
Event: 4.542 Loaded shared library C:\Users\ohyus\.sonar\cache\11a61a94d383e755b08b4e5890a13d148bc9f95b7149cbbeec62efb8c75a4a67\OpenJDK17U-jre_x64_windows_hotspot_17.0.13_11.zip_extracted\jdk-17.0.13+11-jre\bin\extnet.dll
Event: 187.826 Loaded shared library C:\Users\ohyus\.sonar\cache\11a61a94d383e755b08b4e5890a13d148bc9f95b7149cbbeec62efb8c75a4a67\OpenJDK17U-jre_x64_windows_hotspot_17.0.13_11.zip_extracted\jdk-17.0.13+11-jre\bin\management.dll
Event: 187.857 Loaded shared library C:\Users\ohyus\.sonar\cache\11a61a94d383e755b08b4e5890a13d148bc9f95b7149cbbeec62efb8c75a4a67\OpenJDK17U-jre_x64_windows_hotspot_17.0.13_11.zip_extracted\jdk-17.0.13+11-jre\bin\management_ext.dll

Deoptimization events (20 events):
Event: 193.440 Thread 0x0000022ef95ea890 DEOPT PACKING pc=0x0000022e9d37c78e sp=0x000000ab169fe880
Event: 193.440 Thread 0x0000022ef95ea890 DEOPT UNPACKING pc=0x0000022ea3b37143 sp=0x000000ab169fdd58 mode 0
Event: 193.576 Thread 0x0000022ef95ea890 DEOPT PACKING pc=0x0000022e9d37e1fa sp=0x000000ab169fecd0
Event: 193.576 Thread 0x0000022ef95ea890 DEOPT UNPACKING pc=0x0000022ea3b37143 sp=0x000000ab169fe1c0 mode 0
Event: 193.594 Thread 0x0000022e975c12f0 Uncommon trap: trap_request=0xffffff45 fr.pc=0x0000022ea4454a54 relative=0x0000000000001654
Event: 193.594 Thread 0x0000022e975c12f0 Uncommon trap: reason=unstable_if action=reinterpret pc=0x0000022ea4454a54 method=sun.nio.fs.WindowsPathParser.parse(Ljava/lang/String;Z)Lsun/nio/fs/WindowsPathParser$Result; @ 234 c2
Event: 193.594 Thread 0x0000022e975c12f0 DEOPT PACKING pc=0x0000022ea4454a54 sp=0x000000ab13cfdbd0
Event: 193.594 Thread 0x0000022e975c12f0 DEOPT UNPACKING pc=0x0000022ea3b369a3 sp=0x000000ab13cfdb90 mode 2
Event: 193.616 Thread 0x0000022e975c12f0 Uncommon trap: trap_request=0xffffff45 fr.pc=0x0000022ea43d75b0 relative=0x0000000000000210
Event: 193.616 Thread 0x0000022e975c12f0 Uncommon trap: reason=unstable_if action=reinterpret pc=0x0000022ea43d75b0 method=java.util.AbstractList$RandomAccessSpliterator.<init>(Ljava/util/List;)V @ 45 c2
Event: 193.616 Thread 0x0000022e975c12f0 DEOPT PACKING pc=0x0000022ea43d75b0 sp=0x000000ab13cfea00
Event: 193.616 Thread 0x0000022e975c12f0 DEOPT UNPACKING pc=0x0000022ea3b369a3 sp=0x000000ab13cfe950 mode 2
Event: 193.617 Thread 0x0000022e975c12f0 Uncommon trap: trap_request=0xffffff45 fr.pc=0x0000022ea43d67e0 relative=0x00000000000000c0
Event: 193.617 Thread 0x0000022e975c12f0 Uncommon trap: reason=unstable_if action=reinterpret pc=0x0000022ea43d67e0 method=java.util.AbstractList$RandomAccessSpliterator.getFence()I @ 18 c2
Event: 193.617 Thread 0x0000022e975c12f0 DEOPT PACKING pc=0x0000022ea43d67e0 sp=0x000000ab13cfe870
Event: 193.617 Thread 0x0000022e975c12f0 DEOPT UNPACKING pc=0x0000022ea3b369a3 sp=0x000000ab13cfe7a8 mode 2
Event: 193.617 Thread 0x0000022e975c12f0 Uncommon trap: trap_request=0xffffff45 fr.pc=0x0000022ea43dc260 relative=0x00000000000000a0
Event: 193.617 Thread 0x0000022e975c12f0 Uncommon trap: reason=unstable_if action=reinterpret pc=0x0000022ea43dc260 method=java.util.AbstractList$RandomAccessSpliterator.checkAbstractListModCount(Ljava/util/AbstractList;I)V @ 1 c2
Event: 193.617 Thread 0x0000022e975c12f0 DEOPT PACKING pc=0x0000022ea43dc260 sp=0x000000ab13cfe880
Event: 193.618 Thread 0x0000022e975c12f0 DEOPT UNPACKING pc=0x0000022ea3b369a3 sp=0x000000ab13cfe7b0 mode 2

Classes loaded (20 events):
Event: 188.465 Loading class org/w3c/dom/Node
Event: 188.467 Loading class org/w3c/dom/Node done
Event: 188.467 Loading class org/w3c/dom/Document
Event: 188.469 Loading class org/w3c/dom/Document done
Event: 188.645 Loading class java/util/ArrayList$ListItr
Event: 188.649 Loading class java/util/ArrayList$ListItr done
Event: 188.784 Loading class java/util/regex/Pattern$Bound
Event: 188.785 Loading class java/util/regex/Pattern$Bound done
Event: 188.794 Loading class java/util/regex/Pattern$LazyLoop
Event: 188.795 Loading class java/util/regex/Pattern$LazyLoop done
Event: 188.823 Loading class java/util/concurrent/Executors$FinalizableDelegatedExecutorService
Event: 188.825 Loading class java/util/concurrent/Executors$FinalizableDelegatedExecutorService done
Event: 193.179 Loading class java/lang/CharacterData01
Event: 193.182 Loading class java/lang/CharacterData01 done
Event: 193.584 Loading class java/util/stream/ReduceOps$5
Event: 193.588 Loading class java/util/stream/ReduceOps$5 done
Event: 193.592 Loading class java/util/stream/ReduceOps$CountingSink$OfRef
Event: 193.594 Loading class java/util/stream/ReduceOps$CountingSink
Event: 193.594 Loading class java/util/stream/ReduceOps$CountingSink done
Event: 193.594 Loading class java/util/stream/ReduceOps$CountingSink$OfRef done

Classes unloaded (0 events):
No events

Classes redefined (0 events):
No events

Internal exceptions (20 events):
Event: 85.835 Thread 0x0000022ef9aa6170 Exception <a 'java/lang/NoSuchMethodError'{0x0000000087ef81c0}: 'void java.lang.invoke.DirectMethodHandle$Holder.invokeStatic(java.lang.Object, int)'> (0x0000000087ef81c0) 
thrown [s\src\hotspot\share\interpreter\linkResolver.cpp, line 759]
Event: 85.835 Thread 0x0000022ef9aa6170 Exception <a 'java/lang/NoSuchMethodError'{0x0000000087efb978}: 'void java.lang.invoke.DirectMethodHandle$Holder.invokeStaticInit(java.lang.Object, int)'> (0x0000000087efb978) 
thrown [s\src\hotspot\share\interpreter\linkResolver.cpp, line 759]
Event: 88.224 Thread 0x0000022ef9aa6170 Implicit null exception at 0x0000022ea4242642 to 0x0000022ea424302c
Event: 112.908 Thread 0x0000022ef9aa6170 Implicit null exception at 0x0000022ea4441660 to 0x0000022ea44417b0
Event: 113.672 Thread 0x0000022ef9aa6170 Implicit null exception at 0x0000022ea4441d80 to 0x0000022ea4441f28
Event: 156.834 Thread 0x0000022e975c12f0 Exception <a 'java/lang/NoSuchMethodError'{0x00000000899586e8}: 'void java.lang.invoke.DirectMethodHandle$Holder.invokeInterface(java.lang.Object, java.lang.Object, java.lang.Object, java.lang.Object)'> (0x00000000899586e8) 
thrown [s\src\hotspot\share\interpreter\linkResolver.cpp, line 759]
Event: 156.859 Thread 0x0000022e975c12f0 Exception <a 'java/lang/NoSuchMethodError'{0x00000000899660c8}: 'java.lang.Object java.lang.invoke.DirectMethodHandle$Holder.invokeStatic(java.lang.Object, int, java.lang.Object)'> (0x00000000899660c8) 
thrown [s\src\hotspot\share\interpreter\linkResolver.cpp, line 759]
Event: 156.878 Thread 0x0000022e975c12f0 Exception <a 'sun/nio/fs/WindowsException'{0x0000000089810880}> (0x0000000089810880) 
thrown [s\src\hotspot\share\prims\jni.cpp, line 516]
Event: 156.935 Thread 0x0000022ef95e8f40 Exception <a 'java/lang/NoSuchMethodError'{0x00000000898b9f40}: 'java.lang.Object java.lang.invoke.DirectMethodHandle$Holder.invokeSpecial(java.lang.Object, java.lang.Object, long, java.lang.Object, java.lang.Object)'> (0x00000000898b9f40) 
thrown [s\src\hotspot\share\interpreter\linkResolver.cpp, line 759]
Event: 157.559 Thread 0x0000022ef95e8f40 Exception <a 'java/lang/InterruptedException'{0x00000000898c0ba0}: sleep interrupted> (0x00000000898c0ba0) 
thrown [s\src\hotspot\share\prims\jvm.cpp, line 3064]
Event: 157.599 Thread 0x0000022e975c12f0 Exception <a 'java/lang/IncompatibleClassChangeError'{0x0000000089741f58}: Found class java.lang.Object, but interface was expected> (0x0000000089741f58) 
thrown [s\src\hotspot\share\interpreter\linkResolver.cpp, line 826]
Event: 187.445 Thread 0x0000022e975c12f0 Exception <a 'sun/nio/fs/WindowsException'{0x0000000089378be0}> (0x0000000089378be0) 
thrown [s\src\hotspot\share\prims\jni.cpp, line 516]
Event: 187.917 Thread 0x0000022e975c12f0 Exception <a 'java/lang/NoSuchMethodError'{0x0000000088f4ccf0}: 'void java.lang.invoke.DirectMethodHandle$Holder.invokeInterface(java.lang.Object, java.lang.Object)'> (0x0000000088f4ccf0) 
thrown [s\src\hotspot\share\interpreter\linkResolver.cpp, line 759]
Event: 187.919 Thread 0x0000022e975c12f0 Exception <a 'java/lang/NoSuchMethodError'{0x0000000088f53ff0}: 'void java.lang.invoke.DirectMethodHandle$Holder.invokeSpecial(java.lang.Object, java.lang.Object, int)'> (0x0000000088f53ff0) 
thrown [s\src\hotspot\share\interpreter\linkResolver.cpp, line 759]
Event: 188.781 Thread 0x0000022e975c12f0 Exception <a 'java/lang/NoSuchMethodError'{0x00000000870391d0}: 'java.lang.Object java.lang.invoke.DirectMethodHandle$Holder.newInvokeSpecial(java.lang.Object, java.lang.Object, java.lang.Object, int)'> (0x00000000870391d0) 
thrown [s\src\hotspot\share\interpreter\linkResolver.cpp, line 759]
Event: 188.782 Thread 0x0000022e975c12f0 Exception <a 'java/lang/NoSuchMethodError'{0x000000008703d5b0}: 'java.lang.Object java.lang.invoke.DirectMethodHandle$Holder.invokeSpecial(java.lang.Object, java.lang.Object, java.lang.Object, java.lang.Object, int)'> (0x000000008703d5b0) 
thrown [s\src\hotspot\share\interpreter\linkResolver.cpp, line 759]
Event: 188.782 Thread 0x0000022e975c12f0 Exception <a 'java/lang/NoSuchMethodError'{0x0000000087041178}: 'java.lang.Object java.lang.invoke.Invokers$Holder.linkToTargetMethod(java.lang.Object, java.lang.Object, int, java.lang.Object)'> (0x0000000087041178) 
thrown [s\src\hotspot\share\interpreter\linkResolver.cpp, line 759]
Event: 188.827 Thread 0x0000022e975c12f0 Exception <a 'java/lang/NoSuchMethodError'{0x0000000086e09538}: 'int java.lang.invoke.DirectMethodHandle$Holder.invokeVirtual(java.lang.Object, java.lang.Object, java.lang.Object)'> (0x0000000086e09538) 
thrown [s\src\hotspot\share\interpreter\linkResolver.cpp, line 759]
Event: 193.036 Thread 0x0000022e975c12f0 Exception <a 'java/lang/IncompatibleClassChangeError'{0x0000000086e47258}: Found class java.lang.Object, but interface was expected> (0x0000000086e47258) 
thrown [s\src\hotspot\share\interpreter\linkResolver.cpp, line 826]
Event: 193.577 Thread 0x0000022ef95ecc00 Exception <a 'java/lang/InterruptedException'{0x0000000088036e98}: sleep interrupted> (0x0000000088036e98) 
thrown [s\src\hotspot\share\prims\jvm.cpp, line 3064]

VM Operations (20 events):
Event: 188.489 Executing VM operation: HandshakeAllThreads
Event: 188.489 Executing VM operation: HandshakeAllThreads done
Event: 188.650 Executing VM operation: HandshakeAllThreads
Event: 188.651 Executing VM operation: HandshakeAllThreads done
Event: 188.651 Executing VM operation: Cleanup
Event: 188.651 Executing VM operation: Cleanup done
Event: 188.795 Executing VM operation: HandshakeAllThreads
Event: 188.796 Executing VM operation: HandshakeAllThreads done
Event: 189.794 Executing VM operation: Cleanup
Event: 189.794 Executing VM operation: Cleanup done
Event: 192.815 Executing VM operation: Cleanup
Event: 192.815 Executing VM operation: Cleanup done
Event: 193.378 Executing VM operation: G1CollectForAllocation
Event: 193.381 Executing VM operation: G1CollectForAllocation done
Event: 193.418 Executing VM operation: G1CollectForAllocation
Event: 193.421 Executing VM operation: G1CollectForAllocation done
Event: 193.590 Executing VM operation: HandshakeAllThreads
Event: 193.590 Executing VM operation: HandshakeAllThreads done
Event: 193.592 Executing VM operation: HandshakeAllThreads
Event: 193.592 Executing VM operation: HandshakeAllThreads done

Memory protections (0 events):
No events

Nmethod flushes (20 events):
Event: 28.219 Thread 0x0000022eb2e8f720 flushing  nmethod 0x0000022e9d0a1610
Event: 28.219 Thread 0x0000022eb2e8f720 flushing  nmethod 0x0000022e9d0a2210
Event: 28.219 Thread 0x0000022eb2e8f720 flushing  nmethod 0x0000022e9d0a3110
Event: 28.219 Thread 0x0000022eb2e8f720 flushing  nmethod 0x0000022e9d0a3490
Event: 28.219 Thread 0x0000022eb2e8f720 flushing  nmethod 0x0000022e9d0a3a90
Event: 28.219 Thread 0x0000022eb2e8f720 flushing  nmethod 0x0000022e9d0a8590
Event: 28.219 Thread 0x0000022eb2e8f720 flushing  nmethod 0x0000022e9d0a9210
Event: 28.219 Thread 0x0000022eb2e8f720 flushing osr nmethod 0x0000022e9d0aaf90
Event: 28.219 Thread 0x0000022eb2e8f720 flushing  nmethod 0x0000022e9d0ad010
Event: 28.219 Thread 0x0000022eb2e8f720 flushing osr nmethod 0x0000022e9d0ad810
Event: 28.219 Thread 0x0000022eb2e8f720 flushing  nmethod 0x0000022e9d0b0010
Event: 28.219 Thread 0x0000022eb2e8f720 flushing  nmethod 0x0000022e9d0b1e10
Event: 28.219 Thread 0x0000022eb2e8f720 flushing osr nmethod 0x0000022e9d0d4f10
Event: 28.219 Thread 0x0000022eb2e8f720 flushing  nmethod 0x0000022e9d0d5f10
Event: 28.219 Thread 0x0000022eb2e8f720 flushing  nmethod 0x0000022e9d0e1910
Event: 28.219 Thread 0x0000022eb2e8f720 flushing  nmethod 0x0000022e9d0eee90
Event: 28.219 Thread 0x0000022eb2e8f720 flushing  nmethod 0x0000022e9d101810
Event: 187.757 Thread 0x0000022eb2e8f720 flushing osr nmethod 0x0000022ea43c6910
Event: 187.764 Thread 0x0000022eb2e8f720 flushing  nmethod 0x0000022e9cbdc790
Event: 187.767 Thread 0x0000022eb2e8f720 flushing  nmethod 0x0000022e9cd67c90

Events (20 events):
Event: 193.140 Thread 0x0000022ef95e8010 Thread added: 0x0000022ef95ebcd0
Event: 193.141 Thread 0x0000022ef95e8010 Thread added: 0x0000022ef95e8f40
Event: 193.577 Thread 0x0000022ef95ecc00 Thread exited: 0x0000022ef95ecc00
Event: 193.600 Thread 0x0000022ef95e8a30 Thread exited: 0x0000022ef95e8a30
Event: 193.600 Thread 0x0000022ef95eb7c0 Thread exited: 0x0000022ef95eb7c0
Event: 193.600 Thread 0x0000022ef95e9e70 Thread exited: 0x0000022ef95e9e70
Event: 193.600 Thread 0x0000022ef95e9960 Thread exited: 0x0000022ef95e9960
Event: 193.600 Thread 0x0000022ef95eea60 Thread exited: 0x0000022ef95eea60
Event: 193.600 Thread 0x0000022ef95ee550 Thread exited: 0x0000022ef95ee550
Event: 193.600 Thread 0x0000022ef95ea890 Thread exited: 0x0000022ef95ea890
Event: 193.601 Thread 0x0000022ef95e8010 Thread exited: 0x0000022ef95e8010
Event: 193.601 Thread 0x0000022ef95ed110 Thread exited: 0x0000022ef95ed110
Event: 193.601 Thread 0x0000022ef95e8520 Thread exited: 0x0000022ef95e8520
Event: 193.601 Thread 0x0000022ef95eef70 Thread exited: 0x0000022ef95eef70
Event: 193.601 Thread 0x0000022ef95eada0 Thread exited: 0x0000022ef95eada0
Event: 193.601 Thread 0x0000022ef95ef480 Thread exited: 0x0000022ef95ef480
Event: 193.601 Thread 0x0000022ef95e8f40 Thread exited: 0x0000022ef95e8f40
Event: 193.601 Thread 0x0000022ef95ebcd0 Thread exited: 0x0000022ef95ebcd0
Event: 193.601 Thread 0x0000022ef95ef990 Thread exited: 0x0000022ef95ef990
Event: 193.601 Thread 0x0000022ef95ec6f0 Thread exited: 0x0000022ef95ec6f0


Dynamic libraries:
0x00007ff762b60000 - 0x00007ff762b6e000 	C:\Users\ohyus\.sonar\cache\11a61a94d383e755b08b4e5890a13d148bc9f95b7149cbbeec62efb8c75a4a67\OpenJDK17U-jre_x64_windows_hotspot_17.0.13_11.zip_extracted\jdk-17.0.13+11-jre\bin\java.exe
0x00007ff8f7b50000 - 0x00007ff8f7d48000 	C:\WINDOWS\SYSTEM32\ntdll.dll
0x00007ff8f7230000 - 0x00007ff8f72f2000 	C:\WINDOWS\System32\KERNEL32.DLL
0x00007ff8f5740000 - 0x00007ff8f5a36000 	C:\WINDOWS\System32\KERNELBASE.dll
0x00007ff8f5a40000 - 0x00007ff8f5b40000 	C:\WINDOWS\System32\ucrtbase.dll
0x00007ff8e8840000 - 0x00007ff8e8857000 	C:\Users\ohyus\.sonar\cache\11a61a94d383e755b08b4e5890a13d148bc9f95b7149cbbeec62efb8c75a4a67\OpenJDK17U-jre_x64_windows_hotspot_17.0.13_11.zip_extracted\jdk-17.0.13+11-jre\bin\jli.dll
0x00007ff8f5b70000 - 0x00007ff8f5d11000 	C:\WINDOWS\System32\USER32.dll
0x00007ff8f5b40000 - 0x00007ff8f5b62000 	C:\WINDOWS\System32\win32u.dll
0x00007ff8e9b30000 - 0x00007ff8e9dcb000 	C:\WINDOWS\WinSxS\amd64_microsoft.windows.common-controls_6595b64144ccf1df_6.0.19041.6456_none_60b8a6cb71f64256\COMCTL32.dll
0x00007ff8f7420000 - 0x00007ff8f744b000 	C:\WINDOWS\System32\GDI32.dll
0x00007ff8f6ce0000 - 0x00007ff8f6d7e000 	C:\WINDOWS\System32\msvcrt.dll
0x00007ff8f5410000 - 0x00007ff8f5529000 	C:\WINDOWS\System32\gdi32full.dll
0x00007ff8f56a0000 - 0x00007ff8f573d000 	C:\WINDOWS\System32\msvcp_win.dll
0x00007ff8e8820000 - 0x00007ff8e883e000 	C:\Users\ohyus\.sonar\cache\11a61a94d383e755b08b4e5890a13d148bc9f95b7149cbbeec62efb8c75a4a67\OpenJDK17U-jre_x64_windows_hotspot_17.0.13_11.zip_extracted\jdk-17.0.13+11-jre\bin\VCRUNTIME140.dll
0x00007ff8f71a0000 - 0x00007ff8f71cf000 	C:\WINDOWS\System32\IMM32.DLL
0x00007ff8f0360000 - 0x00007ff8f036c000 	C:\Users\ohyus\.sonar\cache\11a61a94d383e755b08b4e5890a13d148bc9f95b7149cbbeec62efb8c75a4a67\OpenJDK17U-jre_x64_windows_hotspot_17.0.13_11.zip_extracted\jdk-17.0.13+11-jre\bin\vcruntime140_1.dll
0x00007ff8ce4a0000 - 0x00007ff8ce52d000 	C:\Users\ohyus\.sonar\cache\11a61a94d383e755b08b4e5890a13d148bc9f95b7149cbbeec62efb8c75a4a67\OpenJDK17U-jre_x64_windows_hotspot_17.0.13_11.zip_extracted\jdk-17.0.13+11-jre\bin\msvcp140.dll
0x00007ff89b5c0000 - 0x00007ff89c22b000 	C:\Users\ohyus\.sonar\cache\11a61a94d383e755b08b4e5890a13d148bc9f95b7149cbbeec62efb8c75a4a67\OpenJDK17U-jre_x64_windows_hotspot_17.0.13_11.zip_extracted\jdk-17.0.13+11-jre\bin\server\jvm.dll
0x00007ff8f7360000 - 0x00007ff8f7411000 	C:\WINDOWS\System32\ADVAPI32.dll
0x00007ff8f5d20000 - 0x00007ff8f5dbf000 	C:\WINDOWS\System32\sechost.dll
0x00007ff8f7080000 - 0x00007ff8f71a0000 	C:\WINDOWS\System32\RPCRT4.dll
0x00007ff8f5670000 - 0x00007ff8f5697000 	C:\WINDOWS\System32\bcrypt.dll
0x00007ff8f7a20000 - 0x00007ff8f7a8b000 	C:\WINDOWS\System32\WS2_32.dll
0x00007ff8f5040000 - 0x00007ff8f508b000 	C:\WINDOWS\SYSTEM32\POWRPROF.dll
0x00007ff8ea550000 - 0x00007ff8ea577000 	C:\WINDOWS\SYSTEM32\WINMM.dll
0x00007ff8f2360000 - 0x00007ff8f236a000 	C:\WINDOWS\SYSTEM32\VERSION.dll
0x00007ff8f5020000 - 0x00007ff8f5032000 	C:\WINDOWS\SYSTEM32\UMPDC.dll
0x00007ff8f3030000 - 0x00007ff8f3042000 	C:\WINDOWS\SYSTEM32\kernel.appcore.dll
0x00007ff8e9e30000 - 0x00007ff8e9e3a000 	C:\Users\ohyus\.sonar\cache\11a61a94d383e755b08b4e5890a13d148bc9f95b7149cbbeec62efb8c75a4a67\OpenJDK17U-jre_x64_windows_hotspot_17.0.13_11.zip_extracted\jdk-17.0.13+11-jre\bin\jimage.dll
0x00007ff8ea340000 - 0x00007ff8ea541000 	C:\WINDOWS\SYSTEM32\DBGHELP.DLL
0x00007ff8d9a00000 - 0x00007ff8d9a34000 	C:\WINDOWS\SYSTEM32\dbgcore.DLL
0x00007ff8f5530000 - 0x00007ff8f55b2000 	C:\WINDOWS\System32\bcryptPrimitives.dll
0x00007ff8da110000 - 0x00007ff8da135000 	C:\Users\ohyus\.sonar\cache\11a61a94d383e755b08b4e5890a13d148bc9f95b7149cbbeec62efb8c75a4a67\OpenJDK17U-jre_x64_windows_hotspot_17.0.13_11.zip_extracted\jdk-17.0.13+11-jre\bin\java.dll
0x00007ff8ce0b0000 - 0x00007ff8ce187000 	C:\Users\ohyus\.sonar\cache\11a61a94d383e755b08b4e5890a13d148bc9f95b7149cbbeec62efb8c75a4a67\OpenJDK17U-jre_x64_windows_hotspot_17.0.13_11.zip_extracted\jdk-17.0.13+11-jre\bin\jsvml.dll
0x00007ff8f5e50000 - 0x00007ff8f65c0000 	C:\WINDOWS\System32\SHELL32.dll
0x00007ff8f3230000 - 0x00007ff8f39d5000 	C:\WINDOWS\SYSTEM32\windows.storage.dll
0x00007ff8f7610000 - 0x00007ff8f7964000 	C:\WINDOWS\System32\combase.dll
0x00007ff8f4a50000 - 0x00007ff8f4a7b000 	C:\WINDOWS\SYSTEM32\Wldp.dll
0x00007ff8f6f00000 - 0x00007ff8f6fcd000 	C:\WINDOWS\System32\OLEAUT32.dll
0x00007ff8f6fd0000 - 0x00007ff8f707d000 	C:\WINDOWS\System32\SHCORE.dll
0x00007ff8f71d0000 - 0x00007ff8f722b000 	C:\WINDOWS\System32\shlwapi.dll
0x00007ff8f5110000 - 0x00007ff8f5134000 	C:\WINDOWS\SYSTEM32\profapi.dll
0x00007ff8e05c0000 - 0x00007ff8e05d9000 	C:\Users\ohyus\.sonar\cache\11a61a94d383e755b08b4e5890a13d148bc9f95b7149cbbeec62efb8c75a4a67\OpenJDK17U-jre_x64_windows_hotspot_17.0.13_11.zip_extracted\jdk-17.0.13+11-jre\bin\net.dll
0x00007ff8eeb50000 - 0x00007ff8eec5a000 	C:\WINDOWS\SYSTEM32\WINHTTP.dll
0x00007ff8f4830000 - 0x00007ff8f489a000 	C:\WINDOWS\system32\mswsock.dll
0x00007ff8db9d0000 - 0x00007ff8db9e6000 	C:\Users\ohyus\.sonar\cache\11a61a94d383e755b08b4e5890a13d148bc9f95b7149cbbeec62efb8c75a4a67\OpenJDK17U-jre_x64_windows_hotspot_17.0.13_11.zip_extracted\jdk-17.0.13+11-jre\bin\nio.dll
0x00007ff8da0f0000 - 0x00007ff8da108000 	C:\Users\ohyus\.sonar\cache\11a61a94d383e755b08b4e5890a13d148bc9f95b7149cbbeec62efb8c75a4a67\OpenJDK17U-jre_x64_windows_hotspot_17.0.13_11.zip_extracted\jdk-17.0.13+11-jre\bin\zip.dll
0x00007ff8f4a90000 - 0x00007ff8f4aa8000 	C:\WINDOWS\SYSTEM32\CRYPTSP.dll
0x00007ff8f4170000 - 0x00007ff8f41a8000 	C:\WINDOWS\system32\rsaenh.dll
0x00007ff8f5090000 - 0x00007ff8f50be000 	C:\WINDOWS\SYSTEM32\USERENV.dll
0x00007ff8f49c0000 - 0x00007ff8f49cc000 	C:\WINDOWS\SYSTEM32\CRYPTBASE.dll
0x00007ff8f4530000 - 0x00007ff8f456b000 	C:\WINDOWS\SYSTEM32\IPHLPAPI.DLL
0x00007ff8f6ed0000 - 0x00007ff8f6ed8000 	C:\WINDOWS\System32\NSI.dll
0x00007ff8ef810000 - 0x00007ff8ef827000 	C:\WINDOWS\SYSTEM32\dhcpcsvc6.DLL
0x00007ff8ef670000 - 0x00007ff8ef68d000 	C:\WINDOWS\SYSTEM32\dhcpcsvc.DLL
0x00007ff8f4570000 - 0x00007ff8f463a000 	C:\WINDOWS\SYSTEM32\DNSAPI.dll
0x00007ff8e8810000 - 0x00007ff8e8820000 	C:\Users\ohyus\.sonar\cache\11a61a94d383e755b08b4e5890a13d148bc9f95b7149cbbeec62efb8c75a4a67\OpenJDK17U-jre_x64_windows_hotspot_17.0.13_11.zip_extracted\jdk-17.0.13+11-jre\bin\verify.dll
0x00007ff8e78a0000 - 0x00007ff8e78ae000 	C:\Users\ohyus\.sonar\cache\11a61a94d383e755b08b4e5890a13d148bc9f95b7149cbbeec62efb8c75a4a67\OpenJDK17U-jre_x64_windows_hotspot_17.0.13_11.zip_extracted\jdk-17.0.13+11-jre\bin\sunmscapi.dll
0x00007ff8f51e0000 - 0x00007ff8f533d000 	C:\WINDOWS\System32\CRYPT32.dll
0x00007ff8f4ba0000 - 0x00007ff8f4bc7000 	C:\WINDOWS\SYSTEM32\ncrypt.dll
0x00007ff8f4b40000 - 0x00007ff8f4b7b000 	C:\WINDOWS\SYSTEM32\NTASN1.dll
0x00007ff8f4cc0000 - 0x00007ff8f4cd2000 	C:\WINDOWS\SYSTEM32\MSASN1.dll
0x00007ff8f39f0000 - 0x00007ff8f3a13000 	C:\WINDOWS\SYSTEM32\gpapi.dll
0x00007ff8ede20000 - 0x00007ff8ede2a000 	C:\Windows\System32\rasadhlp.dll
0x00007ff8ee6a0000 - 0x00007ff8ee720000 	C:\WINDOWS\System32\fwpuclnt.dll
0x00007ff8e7870000 - 0x00007ff8e7879000 	C:\Users\ohyus\.sonar\cache\11a61a94d383e755b08b4e5890a13d148bc9f95b7149cbbeec62efb8c75a4a67\OpenJDK17U-jre_x64_windows_hotspot_17.0.13_11.zip_extracted\jdk-17.0.13+11-jre\bin\extnet.dll
0x00007ff8f24d0000 - 0x00007ff8f24d7000 	C:\WINDOWS\system32\wshunix.dll
0x00007ff8dbb20000 - 0x00007ff8dbb2a000 	C:\Users\ohyus\.sonar\cache\11a61a94d383e755b08b4e5890a13d148bc9f95b7149cbbeec62efb8c75a4a67\OpenJDK17U-jre_x64_windows_hotspot_17.0.13_11.zip_extracted\jdk-17.0.13+11-jre\bin\management.dll
0x00007ff8dbb10000 - 0x00007ff8dbb1b000 	C:\Users\ohyus\.sonar\cache\11a61a94d383e755b08b4e5890a13d148bc9f95b7149cbbeec62efb8c75a4a67\OpenJDK17U-jre_x64_windows_hotspot_17.0.13_11.zip_extracted\jdk-17.0.13+11-jre\bin\management_ext.dll
0x00007ff8f7450000 - 0x00007ff8f7458000 	C:\WINDOWS\System32\PSAPI.DLL

dbghelp: loaded successfully - version: 4.0.5 - missing functions: none
symbol engine: initialized successfully - sym options: 0x614 - pdb path: .;C:\Users\ohyus\.sonar\cache\11a61a94d383e755b08b4e5890a13d148bc9f95b7149cbbeec62efb8c75a4a67\OpenJDK17U-jre_x64_windows_hotspot_17.0.13_11.zip_extracted\jdk-17.0.13+11-jre\bin;C:\WINDOWS\SYSTEM32;C:\WINDOWS\WinSxS\amd64_microsoft.windows.common-controls_6595b64144ccf1df_6.0.19041.6456_none_60b8a6cb71f64256;C:\Users\ohyus\.sonar\cache\11a61a94d383e755b08b4e5890a13d148bc9f95b7149cbbeec62efb8c75a4a67\OpenJDK17U-jre_x64_windows_hotspot_17.0.13_11.zip_extracted\jdk-17.0.13+11-jre\bin\server

VM Arguments:
java_command: C:\Users\ohyus\.sonar\cache\985d65c7edcfc1e54c1c408ebc575c67446c7fbed5872dd99882858a4cf78529\sonar-scanner-engine-shaded-25.11.0.114957-all.jar
java_class_path (initial): C:\Users\ohyus\.sonar\cache\985d65c7edcfc1e54c1c408ebc575c67446c7fbed5872dd99882858a4cf78529\sonar-scanner-engine-shaded-25.11.0.114957-all.jar
Launcher Type: SUN_STANDARD

[Global flags]
     intx CICompilerCount                          = 4                                         {product} {ergonomic}
     uint ConcGCThreads                            = 2                                         {product} {ergonomic}
     uint G1ConcRefinementThreads                  = 8                                         {product} {ergonomic}
   size_t G1HeapRegionSize                         = 1048576                                   {product} {ergonomic}
    uintx GCDrainStackTargetSize                   = 64                                        {product} {ergonomic}
   size_t InitialHeapSize                          = 134217728                                 {product} {ergonomic}
   size_t MarkStackSize                            = 4194304                                   {product} {ergonomic}
   size_t MaxHeapSize                              = 2128609280                                {product} {ergonomic}
   size_t MaxNewSize                               = 1277165568                                {product} {ergonomic}
   size_t MinHeapDeltaBytes                        = 1048576                                   {product} {ergonomic}
   size_t MinHeapSize                              = 8388608                                   {product} {ergonomic}
    uintx NonNMethodCodeHeapSize                   = 5839372                                {pd product} {ergonomic}
    uintx NonProfiledCodeHeapSize                  = 122909434                              {pd product} {ergonomic}
    uintx ProfiledCodeHeapSize                     = 122909434                              {pd product} {ergonomic}
    uintx ReservedCodeCacheSize                    = 251658240                              {pd product} {ergonomic}
     bool SegmentedCodeCache                       = true                                      {product} {ergonomic}
   size_t SoftMaxHeapSize                          = 2128609280                             {manageable} {ergonomic}
     bool UseCompressedClassPointers               = true                           {product lp64_product} {ergonomic}
     bool UseCompressedOops                        = true                           {product lp64_product} {ergonomic}
     bool UseG1GC                                  = true                                      {product} {ergonomic}
     bool UseLargePagesIndividualAllocation        = false                                  {pd product} {ergonomic}

Logging:
Log output configuration:
 #0: stdout all=warning uptime,level,tags
 #1: stderr all=off uptime,level,tags

Environment Variables:
PATH=C:\Users\ohyus\talent\node_modules\.bin;C:\Users\ohyus\node_modules\.bin;C:\Users\node_modules\.bin;C:\node_modules\.bin;C:\Program Files\nodejs\node_modules\npm\node_modules\@npmcli\run-script\lib\node-gyp-bin;C:\Users\ohyus\bin;C:\Program Files\Git\mingw64\bin;C:\Program Files\Git\usr\local\bin;C:\Program Files\Git\usr\bin;C:\Program Files\Git\usr\bin;C:\Program Files\Git\mingw64\bin;C:\Program Files\Git\usr\bin;C:\Users\ohyus\bin;C:\WINDOWS\system32;C:\WINDOWS;C:\WINDOWS\System32\Wbem;C:\WINDOWS\System32\WindowsPowerShell\v1.0;C:\WINDOWS\System32\OpenSSH;C:\Program Files\nodejs;C:\Program Files\dotnet;C:\Program Files\Git\cmd;C:\Program Files\Docker\Docker\resources\bin;C:\Users\ohyus\scoop\apps\postgresql\current\bin;C:\Users\ohyus\scoop\shims;C:\Users\ohyus\AppData\Local\Microsoft\WindowsApps;C:\Users\ohyus\AppData\Roaming\npm;C:\Program Files\Git\usr\bin\vendor_perl;C:\Program Files\Git\usr\bin\core_perl
USERNAME=ohyus
SHELL=C:\Program Files\Git\usr\bin\bash.exe
DISPLAY=needs-to-be-defined
LANG=ko_KR.UTF-8
TERM=xterm-256color
TMPDIR=C:\Users\ohyus\AppData\Local\Temp
OS=Windows_NT
PROCESSOR_IDENTIFIER=Intel64 Family 6 Model 158 Stepping 9, GenuineIntel
TMP=C:\Users\ohyus\AppData\Local\Temp
TEMP=C:\Users\ohyus\AppData\Local\Temp



Periodic native trim disabled


---------------  S Y S T E M  ---------------

OS:
 Windows 10 , 64 bit Build 19041 (10.0.19041.5915)
OS uptime: 3 days 2:15 hours
Hyper-V role detected

CPU: total 8 (initial active 8) (4 cores per cpu, 2 threads per core) family 6 model 158 stepping 9 microcode 0xb4, cx8, cmov, fxsr, ht, mmx, 3dnowpref, sse, sse2, sse3, ssse3, sse4.1, sse4.2, popcnt, lzcnt, tsc, tscinvbit, avx, avx2, aes, erms, clmul, bmi1, bmi2, rtm, adx, fma, vzeroupper, clflush, clflushopt, hv
Processor Information for all 8 processors :
  Max Mhz: 3600, Current Mhz: 3600, Mhz Limit: 3600

Memory: 4k page, system-wide physical 8114M (584M free)
TotalPageFile size 22275M (AvailPageFile size 376M)
current process WorkingSet (physical memory assigned to process): 250M, peak: 261M
current process commit charge ("private bytes"): 330M, peak: 342M

vm_info: OpenJDK 64-Bit Server VM (17.0.13+11) for windows-amd64 JRE (17.0.13+11), built on Oct 16 2024 00:10:08 by "admin" with MS VC++ 17.7 (VS2022)

END.
